This file contains any messages produced by compilers while
running configure, to aid debugging if configure makes a mistake.

It was created by cgmanager configure 0.37, which was
generated by GNU Autoconf 2.69.  Invocation command line was

  $ ./configure 

## --------- ##
## Platform. ##
## --------- ##

hostname = 63eb2c6b11cb
uname -m = x86_64
uname -r = 3.13.0-37-generic
uname -s = Linux
uname -v = #64-Ubuntu SMP Mon Sep 22 21:28:38 UTC 2014

/usr/bin/uname -p = unknown
/bin/uname -X     = unknown

/bin/arch              = unknown
/usr/bin/arch -k       = unknown
/usr/convex/getsysinfo = unknown
/usr/bin/hostinfo      = unknown
/bin/machine           = unknown
/usr/bin/oslevel       = unknown
/bin/universe          = unknown

PATH: /usr/local/sbin
PATH: /usr/local/bin
PATH: /usr/sbin
PATH: /usr/bin
PATH: /sbin
PATH: /bin


## ----------- ##
## Core tests. ##
## ----------- ##

configure:2305: checking for a BSD-compatible install
configure:2373: result: /usr/bin/install -c
configure:2384: checking whether build environment is sane
configure:2439: result: yes
configure:2590: checking for a thread-safe mkdir -p
configure:2629: result: /bin/mkdir -p
configure:2636: checking for gawk
configure:2652: found /usr/bin/gawk
configure:2663: result: gawk
configure:2674: checking whether make sets $(MAKE)
configure:2696: result: yes
configure:2725: checking whether make supports nested variables
configure:2742: result: yes
configure:2881: checking for style of include used by make
configure:2909: result: GNU
configure:2980: checking for gcc
configure:2996: found /usr/bin/gcc
configure:3007: result: gcc
configure:3236: checking for C compiler version
configure:3245: gcc --version >&5
gcc (Ubuntu 4.8.2-19ubuntu1) 4.8.2
Copyright (C) 2013 Free Software Foundation, Inc.
This is free software; see the source for copying conditions.  There is NO
warranty; not even for MERCHANTABILITY or FITNESS FOR A PARTICULAR PURPOSE.

configure:3256: $? = 0
configure:3245: gcc -v >&5
Using built-in specs.
COLLECT_GCC=gcc
COLLECT_LTO_WRAPPER=/usr/lib/gcc/x86_64-linux-gnu/4.8/lto-wrapper
Target: x86_64-linux-gnu
Configured with: ../src/configure -v --with-pkgversion='Ubuntu 4.8.2-19ubuntu1' --with-bugurl=file:///usr/share/doc/gcc-4.8/README.Bugs --enable-languages=c,c++,java,go,d,fortran,objc,obj-c++ --prefix=/usr --program-suffix=-4.8 --enable-shared --enable-linker-build-id --libexecdir=/usr/lib --without-included-gettext --enable-threads=posix --with-gxx-include-dir=/usr/include/c++/4.8 --libdir=/usr/lib --enable-nls --with-sysroot=/ --enable-clocale=gnu --enable-libstdcxx-debug --enable-libstdcxx-time=yes --enable-gnu-unique-object --disable-libmudflap --enable-plugin --with-system-zlib --disable-browser-plugin --enable-java-awt=gtk --enable-gtk-cairo --with-java-home=/usr/lib/jvm/java-1.5.0-gcj-4.8-amd64/jre --enable-java-home --with-jvm-root-dir=/usr/lib/jvm/java-1.5.0-gcj-4.8-amd64 --with-jvm-jar-dir=/usr/lib/jvm-exports/java-1.5.0-gcj-4.8-amd64 --with-arch-directory=amd64 --with-ecj-jar=/usr/share/java/eclipse-ecj.jar --enable-objc-gc --enable-multiarch --disable-werror --with-arch-32=i686 --with-abi=m64 --with-multilib-list=m32,m64,mx32 --with-tune=generic --enable-checking=release --build=x86_64-linux-gnu --host=x86_64-linux-gnu --target=x86_64-linux-gnu
Thread model: posix
gcc version 4.8.2 (Ubuntu 4.8.2-19ubuntu1) 
configure:3256: $? = 0
configure:3245: gcc -V >&5
gcc: error: unrecognized command line option '-V'
gcc: fatal error: no input files
compilation terminated.
configure:3256: $? = 4
configure:3245: gcc -qversion >&5
gcc: error: unrecognized command line option '-qversion'
gcc: fatal error: no input files
compilation terminated.
configure:3256: $? = 4
configure:3276: checking whether the C compiler works
configure:3298: gcc    conftest.c  >&5
configure:3302: $? = 0
configure:3350: result: yes
configure:3353: checking for C compiler default output file name
configure:3355: result: a.out
configure:3361: checking for suffix of executables
configure:3368: gcc -o conftest    conftest.c  >&5
configure:3372: $? = 0
configure:3394: result: 
configure:3416: checking whether we are cross compiling
configure:3424: gcc -o conftest    conftest.c  >&5
configure:3428: $? = 0
configure:3435: ./conftest
configure:3439: $? = 0
configure:3454: result: no
configure:3459: checking for suffix of object files
configure:3481: gcc -c   conftest.c >&5
configure:3485: $? = 0
configure:3506: result: o
configure:3510: checking whether we are using the GNU C compiler
configure:3529: gcc -c   conftest.c >&5
configure:3529: $? = 0
configure:3538: result: yes
configure:3547: checking whether gcc accepts -g
configure:3567: gcc -c -g  conftest.c >&5
configure:3567: $? = 0
configure:3608: result: yes
configure:3625: checking for gcc option to accept ISO C89
configure:3688: gcc  -c -g -O2  conftest.c >&5
configure:3688: $? = 0
configure:3701: result: none needed
configure:3726: checking whether gcc understands -c and -o together
configure:3748: gcc -c conftest.c -o conftest2.o
configure:3751: $? = 0
configure:3748: gcc -c conftest.c -o conftest2.o
configure:3751: $? = 0
configure:3763: result: yes
configure:3782: checking dependency style of gcc
configure:3893: result: gcc3
configure:3914: checking how to run the C preprocessor
configure:3945: gcc -E  conftest.c
configure:3945: $? = 0
configure:3959: gcc -E  conftest.c
conftest.c:11:28: fatal error: ac_nonexistent.h: No such file or directory
 #include <ac_nonexistent.h>
                            ^
compilation terminated.
configure:3959: $? = 1
configure: failed program was:
| /* confdefs.h */
| #define PACKAGE_NAME "cgmanager"
| #define PACKAGE_TARNAME "cgmanager"
| #define PACKAGE_VERSION "0.37"
| #define PACKAGE_STRING "cgmanager 0.37"
| #define PACKAGE_BUGREPORT "cgmanager-devel@lists.linuxcontainers.org"
| #define PACKAGE_URL ""
| #define PACKAGE "cgmanager"
| #define VERSION "0.37"
| /* end confdefs.h.  */
| #include <ac_nonexistent.h>
configure:3984: result: gcc -E
configure:4004: gcc -E  conftest.c
configure:4004: $? = 0
configure:4018: gcc -E  conftest.c
conftest.c:11:28: fatal error: ac_nonexistent.h: No such file or directory
 #include <ac_nonexistent.h>
                            ^
compilation terminated.
configure:4018: $? = 1
configure: failed program was:
| /* confdefs.h */
| #define PACKAGE_NAME "cgmanager"
| #define PACKAGE_TARNAME "cgmanager"
| #define PACKAGE_VERSION "0.37"
| #define PACKAGE_STRING "cgmanager 0.37"
| #define PACKAGE_BUGREPORT "cgmanager-devel@lists.linuxcontainers.org"
| #define PACKAGE_URL ""
| #define PACKAGE "cgmanager"
| #define VERSION "0.37"
| /* end confdefs.h.  */
| #include <ac_nonexistent.h>
configure:4047: checking for grep that handles long lines and -e
configure:4105: result: /bin/grep
configure:4110: checking for egrep
configure:4172: result: /bin/grep -E
configure:4177: checking for ANSI C header files
configure:4197: gcc -c -g -O2  conftest.c >&5
configure:4197: $? = 0
configure:4270: gcc -o conftest -g -O2   conftest.c  >&5
configure:4270: $? = 0
configure:4270: ./conftest
configure:4270: $? = 0
configure:4281: result: yes
configure:4294: checking for sys/types.h
configure:4294: gcc -c -g -O2  conftest.c >&5
configure:4294: $? = 0
configure:4294: result: yes
configure:4294: checking for sys/stat.h
configure:4294: gcc -c -g -O2  conftest.c >&5
configure:4294: $? = 0
configure:4294: result: yes
configure:4294: checking for stdlib.h
configure:4294: gcc -c -g -O2  conftest.c >&5
configure:4294: $? = 0
configure:4294: result: yes
configure:4294: checking for string.h
configure:4294: gcc -c -g -O2  conftest.c >&5
configure:4294: $? = 0
configure:4294: result: yes
configure:4294: checking for memory.h
configure:4294: gcc -c -g -O2  conftest.c >&5
configure:4294: $? = 0
configure:4294: result: yes
configure:4294: checking for strings.h
configure:4294: gcc -c -g -O2  conftest.c >&5
configure:4294: $? = 0
configure:4294: result: yes
configure:4294: checking for inttypes.h
configure:4294: gcc -c -g -O2  conftest.c >&5
configure:4294: $? = 0
configure:4294: result: yes
configure:4294: checking for stdint.h
configure:4294: gcc -c -g -O2  conftest.c >&5
configure:4294: $? = 0
configure:4294: result: yes
configure:4294: checking for unistd.h
configure:4294: gcc -c -g -O2  conftest.c >&5
configure:4294: $? = 0
configure:4294: result: yes
configure:4307: checking minix/config.h usability
configure:4307: gcc -c -g -O2  conftest.c >&5
conftest.c:54:26: fatal error: minix/config.h: No such file or directory
 #include <minix/config.h>
                          ^
compilation terminated.
configure:4307: $? = 1
configure: failed program was:
| /* confdefs.h */
| #define PACKAGE_NAME "cgmanager"
| #define PACKAGE_TARNAME "cgmanager"
| #define PACKAGE_VERSION "0.37"
| #define PACKAGE_STRING "cgmanager 0.37"
| #define PACKAGE_BUGREPORT "cgmanager-devel@lists.linuxcontainers.org"
| #define PACKAGE_URL ""
| #define PACKAGE "cgmanager"
| #define VERSION "0.37"
| #define STDC_HEADERS 1
| #define HAVE_SYS_TYPES_H 1
| #define HAVE_SYS_STAT_H 1
| #define HAVE_STDLIB_H 1
| #define HAVE_STRING_H 1
| #define HAVE_MEMORY_H 1
| #define HAVE_STRINGS_H 1
| #define HAVE_INTTYPES_H 1
| #define HAVE_STDINT_H 1
| #define HAVE_UNISTD_H 1
| /* end confdefs.h.  */
| #include <stdio.h>
| #ifdef HAVE_SYS_TYPES_H
| # include <sys/types.h>
| #endif
| #ifdef HAVE_SYS_STAT_H
| # include <sys/stat.h>
| #endif
| #ifdef STDC_HEADERS
| # include <stdlib.h>
| # include <stddef.h>
| #else
| # ifdef HAVE_STDLIB_H
| #  include <stdlib.h>
| # endif
| #endif
| #ifdef HAVE_STRING_H
| # if !defined STDC_HEADERS && defined HAVE_MEMORY_H
| #  include <memory.h>
| # endif
| # include <string.h>
| #endif
| #ifdef HAVE_STRINGS_H
| # include <strings.h>
| #endif
| #ifdef HAVE_INTTYPES_H
| # include <inttypes.h>
| #endif
| #ifdef HAVE_STDINT_H
| # include <stdint.h>
| #endif
| #ifdef HAVE_UNISTD_H
| # include <unistd.h>
| #endif
| #include <minix/config.h>
configure:4307: result: no
configure:4307: checking minix/config.h presence
configure:4307: gcc -E  conftest.c
conftest.c:21:26: fatal error: minix/config.h: No such file or directory
 #include <minix/config.h>
                          ^
compilation terminated.
configure:4307: $? = 1
configure: failed program was:
| /* confdefs.h */
| #define PACKAGE_NAME "cgmanager"
| #define PACKAGE_TARNAME "cgmanager"
| #define PACKAGE_VERSION "0.37"
| #define PACKAGE_STRING "cgmanager 0.37"
| #define PACKAGE_BUGREPORT "cgmanager-devel@lists.linuxcontainers.org"
| #define PACKAGE_URL ""
| #define PACKAGE "cgmanager"
| #define VERSION "0.37"
| #define STDC_HEADERS 1
| #define HAVE_SYS_TYPES_H 1
| #define HAVE_SYS_STAT_H 1
| #define HAVE_STDLIB_H 1
| #define HAVE_STRING_H 1
| #define HAVE_MEMORY_H 1
| #define HAVE_STRINGS_H 1
| #define HAVE_INTTYPES_H 1
| #define HAVE_STDINT_H 1
| #define HAVE_UNISTD_H 1
| /* end confdefs.h.  */
| #include <minix/config.h>
configure:4307: result: no
configure:4307: checking for minix/config.h
configure:4307: result: no
configure:4328: checking whether it is safe to define __EXTENSIONS__
configure:4346: gcc -c -g -O2  conftest.c >&5
configure:4346: $? = 0
configure:4353: result: yes
configure:4403: checking build system type
configure:4417: result: x86_64-unknown-linux-gnu
configure:4437: checking host system type
configure:4450: result: x86_64-unknown-linux-gnu
configure:4491: checking how to print strings
configure:4518: result: printf
configure:4539: checking for a sed that does not truncate output
configure:4603: result: /bin/sed
configure:4621: checking for fgrep
configure:4683: result: /bin/grep -F
configure:4718: checking for ld used by gcc
configure:4785: result: /usr/bin/ld
configure:4792: checking if the linker (/usr/bin/ld) is GNU ld
configure:4807: result: yes
configure:4819: checking for BSD- or MS-compatible name lister (nm)
configure:4868: result: /usr/bin/nm -B
configure:4998: checking the name lister (/usr/bin/nm -B) interface
configure:5005: gcc -c -g -O2  conftest.c >&5
configure:5008: /usr/bin/nm -B "conftest.o"
configure:5011: output
0000000000000000 B some_variable
configure:5018: result: BSD nm
configure:5021: checking whether ln -s works
configure:5025: result: yes
configure:5033: checking the maximum length of command line arguments
configure:5164: result: 1572864
configure:5181: checking whether the shell understands some XSI constructs
configure:5191: result: yes
configure:5195: checking whether the shell understands "+="
configure:5201: result: yes
configure:5236: checking how to convert x86_64-unknown-linux-gnu file names to x86_64-unknown-linux-gnu format
configure:5276: result: func_convert_file_noop
configure:5283: checking how to convert x86_64-unknown-linux-gnu file names to toolchain format
configure:5303: result: func_convert_file_noop
configure:5310: checking for /usr/bin/ld option to reload object files
configure:5317: result: -r
configure:5391: checking for objdump
configure:5407: found /usr/bin/objdump
configure:5418: result: objdump
configure:5450: checking how to recognize dependent libraries
configure:5648: result: pass_all
configure:5733: checking for dlltool
configure:5763: result: no
configure:5793: checking how to associate runtime and link libraries
configure:5820: result: printf %s\n
configure:5880: checking for ar
configure:5896: found /usr/bin/ar
configure:5907: result: ar
configure:5944: checking for archiver @FILE support
configure:5961: gcc -c -g -O2  conftest.c >&5
configure:5961: $? = 0
configure:5964: ar cru libconftest.a @conftest.lst >&5
configure:5967: $? = 0
configure:5972: ar cru libconftest.a @conftest.lst >&5
ar: conftest.o: No such file or directory
configure:5975: $? = 1
configure:5987: result: @
configure:6045: checking for strip
configure:6061: found /usr/bin/strip
configure:6072: result: strip
configure:6144: checking for ranlib
configure:6160: found /usr/bin/ranlib
configure:6171: result: ranlib
configure:6273: checking command to parse /usr/bin/nm -B output from gcc object
configure:6393: gcc -c -g -O2  conftest.c >&5
configure:6396: $? = 0
configure:6400: /usr/bin/nm -B conftest.o \| sed -n -e 's/^.*[ ]\([ABCDGIRSTW][ABCDGIRSTW]*\)[ ][ ]*\([_A-Za-z][_A-Za-z0-9]*\)$/\1 \2 \2/p' | sed '/ __gnu_lto/d' \> conftest.nm
configure:6403: $? = 0
configure:6469: gcc -o conftest -g -O2   conftest.c conftstm.o >&5
configure:6472: $? = 0
configure:6510: result: ok
configure:6547: checking for sysroot
configure:6577: result: no
configure:6654: gcc -c -g -O2  conftest.c >&5
configure:6657: $? = 0
configure:6846: checking for mt
configure:6862: found /bin/mt
configure:6873: result: mt
configure:6896: checking if mt is a manifest tool
configure:6902: mt '-?'
configure:6910: result: no
configure:7549: checking for dlfcn.h
configure:7549: gcc -c -g -O2  conftest.c >&5
configure:7549: $? = 0
configure:7549: result: yes
configure:7755: checking for objdir
configure:7770: result: .libs
configure:8041: checking if gcc supports -fno-rtti -fno-exceptions
configure:8059: gcc -c -g -O2  -fno-rtti -fno-exceptions conftest.c >&5
cc1: warning: command line option '-fno-rtti' is valid for C++/ObjC++ but not for C [enabled by default]
configure:8063: $? = 0
configure:8076: result: no
configure:8403: checking for gcc option to produce PIC
configure:8410: result: -fPIC -DPIC
configure:8418: checking if gcc PIC flag -fPIC -DPIC works
configure:8436: gcc -c -g -O2  -fPIC -DPIC -DPIC conftest.c >&5
configure:8440: $? = 0
configure:8453: result: yes
configure:8482: checking if gcc static flag -static works
configure:8510: result: yes
configure:8525: checking if gcc supports -c -o file.o
configure:8546: gcc -c -g -O2  -o out/conftest2.o conftest.c >&5
configure:8550: $? = 0
configure:8572: result: yes
configure:8580: checking if gcc supports -c -o file.o
configure:8627: result: yes
configure:8660: checking whether the gcc linker (/usr/bin/ld -m elf_x86_64) supports shared libraries
configure:9817: result: yes
configure:9854: checking whether -lc should be explicitly linked in
configure:9862: gcc -c -g -O2  conftest.c >&5
configure:9865: $? = 0
configure:9880: gcc -shared  -fPIC -DPIC conftest.o  -v -Wl,-soname -Wl,conftest -o conftest 2\>\&1 \| /bin/grep  -lc  \>/dev/null 2\>\&1
configure:9883: $? = 0
configure:9897: result: no
configure:10057: checking dynamic linker characteristics
configure:10557: gcc -o conftest -g -O2   -Wl,-rpath -Wl,/foo conftest.c  >&5
configure:10557: $? = 0
configure:10791: result: GNU/Linux ld.so
configure:10898: checking how to hardcode library paths into programs
configure:10923: result: immediate
configure:11463: checking whether stripping libraries is possible
configure:11468: result: yes
configure:11503: checking if libtool supports shared libraries
configure:11505: result: yes
configure:11508: checking whether to build shared libraries
configure:11529: result: yes
configure:11532: checking whether to build static libraries
configure:11536: result: yes
configure:11621: checking for gcc
configure:11648: result: gcc
configure:11877: checking for C compiler version
configure:11886: gcc --version >&5
gcc (Ubuntu 4.8.2-19ubuntu1) 4.8.2
Copyright (C) 2013 Free Software Foundation, Inc.
This is free software; see the source for copying conditions.  There is NO
warranty; not even for MERCHANTABILITY or FITNESS FOR A PARTICULAR PURPOSE.

configure:11897: $? = 0
configure:11886: gcc -v >&5
Using built-in specs.
COLLECT_GCC=gcc
COLLECT_LTO_WRAPPER=/usr/lib/gcc/x86_64-linux-gnu/4.8/lto-wrapper
Target: x86_64-linux-gnu
Configured with: ../src/configure -v --with-pkgversion='Ubuntu 4.8.2-19ubuntu1' --with-bugurl=file:///usr/share/doc/gcc-4.8/README.Bugs --enable-languages=c,c++,java,go,d,fortran,objc,obj-c++ --prefix=/usr --program-suffix=-4.8 --enable-shared --enable-linker-build-id --libexecdir=/usr/lib --without-included-gettext --enable-threads=posix --with-gxx-include-dir=/usr/include/c++/4.8 --libdir=/usr/lib --enable-nls --with-sysroot=/ --enable-clocale=gnu --enable-libstdcxx-debug --enable-libstdcxx-time=yes --enable-gnu-unique-object --disable-libmudflap --enable-plugin --with-system-zlib --disable-browser-plugin --enable-java-awt=gtk --enable-gtk-cairo --with-java-home=/usr/lib/jvm/java-1.5.0-gcj-4.8-amd64/jre --enable-java-home --with-jvm-root-dir=/usr/lib/jvm/java-1.5.0-gcj-4.8-amd64 --with-jvm-jar-dir=/usr/lib/jvm-exports/java-1.5.0-gcj-4.8-amd64 --with-arch-directory=amd64 --with-ecj-jar=/usr/share/java/eclipse-ecj.jar --enable-objc-gc --enable-multiarch --disable-werror --with-arch-32=i686 --with-abi=m64 --with-multilib-list=m32,m64,mx32 --with-tune=generic --enable-checking=release --build=x86_64-linux-gnu --host=x86_64-linux-gnu --target=x86_64-linux-gnu
Thread model: posix
gcc version 4.8.2 (Ubuntu 4.8.2-19ubuntu1) 
configure:11897: $? = 0
configure:11886: gcc -V >&5
gcc: error: unrecognized command line option '-V'
gcc: fatal error: no input files
compilation terminated.
configure:11897: $? = 4
configure:11886: gcc -qversion >&5
gcc: error: unrecognized command line option '-qversion'
gcc: fatal error: no input files
compilation terminated.
configure:11897: $? = 4
configure:11901: checking whether we are using the GNU C compiler
configure:11929: result: yes
configure:11938: checking whether gcc accepts -g
configure:11999: result: yes
configure:12016: checking for gcc option to accept ISO C89
configure:12092: result: none needed
configure:12117: checking whether gcc understands -c and -o together
configure:12154: result: yes
configure:12173: checking dependency style of gcc
configure:12284: result: gcc3
configure:12299: checking for gcc option to accept ISO C99
configure:12448: gcc  -c -g -O2  conftest.c >&5
conftest.c:78:29: error: expected ';', ',' or ')' before 'text'
 test_restrict (ccp restrict text)
                             ^
conftest.c: In function 'main':
conftest.c:132:18: error: expected '=', ',', ';', 'asm' or '__attribute__' before 'newvar'
   char *restrict newvar = "Another string";
                  ^
conftest.c:132:18: error: 'newvar' undeclared (first use in this function)
conftest.c:132:18: note: each undeclared identifier is reported only once for each function it appears in
conftest.c:142:3: error: 'for' loop initial declarations are only allowed in C99 mode
   for (int i = 0; i < ia->datasize; ++i)
   ^
conftest.c:142:3: note: use option -std=c99 or -std=gnu99 to compile your code
configure:12448: $? = 1
configure: failed program was:
| /* confdefs.h */
| #define PACKAGE_NAME "cgmanager"
| #define PACKAGE_TARNAME "cgmanager"
| #define PACKAGE_VERSION "0.37"
| #define PACKAGE_STRING "cgmanager 0.37"
| #define PACKAGE_BUGREPORT "cgmanager-devel@lists.linuxcontainers.org"
| #define PACKAGE_URL ""
| #define PACKAGE "cgmanager"
| #define VERSION "0.37"
| #define STDC_HEADERS 1
| #define HAVE_SYS_TYPES_H 1
| #define HAVE_SYS_STAT_H 1
| #define HAVE_STDLIB_H 1
| #define HAVE_STRING_H 1
| #define HAVE_MEMORY_H 1
| #define HAVE_STRINGS_H 1
| #define HAVE_INTTYPES_H 1
| #define HAVE_STDINT_H 1
| #define HAVE_UNISTD_H 1
| #define __EXTENSIONS__ 1
| #define _ALL_SOURCE 1
| #define _GNU_SOURCE 1
| #define _POSIX_PTHREAD_SEMANTICS 1
| #define _TANDEM_SOURCE 1
| #define HAVE_DLFCN_H 1
| #define LT_OBJDIR ".libs/"
| /* end confdefs.h.  */
| #include <stdarg.h>
| #include <stdbool.h>
| #include <stdlib.h>
| #include <wchar.h>
| #include <stdio.h>
| 
| // Check varargs macros.  These examples are taken from C99 6.10.3.5.
| #define debug(...) fprintf (stderr, __VA_ARGS__)
| #define showlist(...) puts (#__VA_ARGS__)
| #define report(test,...) ((test) ? puts (#test) : printf (__VA_ARGS__))
| static void
| test_varargs_macros (void)
| {
|   int x = 1234;
|   int y = 5678;
|   debug ("Flag");
|   debug ("X = %d\n", x);
|   showlist (The first, second, and third items.);
|   report (x>y, "x is %d but y is %d", x, y);
| }
| 
| // Check long long types.
| #define BIG64 18446744073709551615ull
| #define BIG32 4294967295ul
| #define BIG_OK (BIG64 / BIG32 == 4294967297ull && BIG64 % BIG32 == 0)
| #if !BIG_OK
|   your preprocessor is broken;
| #endif
| #if BIG_OK
| #else
|   your preprocessor is broken;
| #endif
| static long long int bignum = -9223372036854775807LL;
| static unsigned long long int ubignum = BIG64;
| 
| struct incomplete_array
| {
|   int datasize;
|   double data[];
| };
| 
| struct named_init {
|   int number;
|   const wchar_t *name;
|   double average;
| };
| 
| typedef const char *ccp;
| 
| static inline int
| test_restrict (ccp restrict text)
| {
|   // See if C++-style comments work.
|   // Iterate through items via the restricted pointer.
|   // Also check for declarations in for loops.
|   for (unsigned int i = 0; *(text+i) != '\0'; ++i)
|     continue;
|   return 0;
| }
| 
| // Check varargs and va_copy.
| static void
| test_varargs (const char *format, ...)
| {
|   va_list args;
|   va_start (args, format);
|   va_list args_copy;
|   va_copy (args_copy, args);
| 
|   const char *str;
|   int number;
|   float fnumber;
| 
|   while (*format)
|     {
|       switch (*format++)
| 	{
| 	case 's': // string
| 	  str = va_arg (args_copy, const char *);
| 	  break;
| 	case 'd': // int
| 	  number = va_arg (args_copy, int);
| 	  break;
| 	case 'f': // float
| 	  fnumber = va_arg (args_copy, double);
| 	  break;
| 	default:
| 	  break;
| 	}
|     }
|   va_end (args_copy);
|   va_end (args);
| }
| 
| int
| main ()
| {
| 
|   // Check bool.
|   _Bool success = false;
| 
|   // Check restrict.
|   if (test_restrict ("String literal") == 0)
|     success = true;
|   char *restrict newvar = "Another string";
| 
|   // Check varargs.
|   test_varargs ("s, d' f .", "string", 65, 34.234);
|   test_varargs_macros ();
| 
|   // Check flexible array members.
|   struct incomplete_array *ia =
|     malloc (sizeof (struct incomplete_array) + (sizeof (double) * 10));
|   ia->datasize = 10;
|   for (int i = 0; i < ia->datasize; ++i)
|     ia->data[i] = i * 1.234;
| 
|   // Check named initializers.
|   struct named_init ni = {
|     .number = 34,
|     .name = L"Test wide string",
|     .average = 543.34343,
|   };
| 
|   ni.number = 58;
| 
|   int dynamic_array[ni.number];
|   dynamic_array[ni.number - 1] = 543;
| 
|   // work around unused variable warnings
|   return (!success || bignum == 0LL || ubignum == 0uLL || newvar[0] == 'x'
| 	  || dynamic_array[ni.number - 1] != 543);
| 
|   ;
|   return 0;
| }
configure:12448: gcc -std=gnu99 -c -g -O2  conftest.c >&5
configure:12448: $? = 0
configure:12468: result: -std=gnu99
configure:12479: checking for nih-dbus-tool
configure:12497: found /usr/bin/nih-dbus-tool
configure:12509: result: /usr/bin/nih-dbus-tool
configure:12521: checking for setns
configure:12521: gcc -std=gnu99 -o conftest -g -O2   conftest.c  >&5
configure:12521: $? = 0
configure:12521: result: yes
configure:12521: checking for pivot_root
configure:12521: gcc -std=gnu99 -o conftest -g -O2   conftest.c  >&5
configure:12521: $? = 0
configure:12521: result: yes
configure:12585: checking for pkg-config
configure:12603: found /usr/bin/pkg-config
configure:12615: result: /usr/bin/pkg-config
configure:12640: checking pkg-config is at least version 0.9.0
configure:12643: result: yes
configure:12653: checking for NIH
configure:12660: $PKG_CONFIG --exists --print-errors "libnih >= 1.0.3"
configure:12663: $? = 0
configure:12677: $PKG_CONFIG --exists --print-errors "libnih >= 1.0.3"
configure:12680: $? = 0
configure:12738: result: yes
configure:12744: checking for NIH_DBUS
configure:12751: $PKG_CONFIG --exists --print-errors "libnih-dbus >= 1.0.0"
configure:12754: $? = 0
configure:12768: $PKG_CONFIG --exists --print-errors "libnih-dbus >= 1.0.0"
configure:12771: $? = 0
configure:12829: result: yes
configure:12835: checking for DBUS
configure:12842: $PKG_CONFIG --exists --print-errors "dbus-1 >= 1.2.16"
configure:12845: $? = 0
configure:12859: $PKG_CONFIG --exists --print-errors "dbus-1 >= 1.2.16"
configure:12862: $? = 0
configure:12920: result: yes
configure:12927: checking host distribution
configure:13203: result: ubuntu
configure:13223: checking for init system type
configure:13295: result: upstart
configure:13300: checking for help2man
configure:13331: result: false // No help2man //
configure:13486: checking that generated files are newer than configure
configure:13492: result: done
configure:13543: creating ./config.status

## ---------------------- ##
## Running config.status. ##
## ---------------------- ##

This file was extended by cgmanager config.status 0.37, which was
generated by GNU Autoconf 2.69.  Invocation command line was

  CONFIG_FILES    = 
  CONFIG_HEADERS  = 
  CONFIG_LINKS    = 
  CONFIG_COMMANDS = 
  $ ./config.status 

on 63eb2c6b11cb

config.status:1119: creating Makefile
config.status:1119: creating config/Makefile
config.status:1119: creating config/init/Makefile
config.status:1119: creating config/init/systemd/Makefile
config.status:1119: creating config/init/sysvinit/Makefile
config.status:1119: creating config/init/upstart/Makefile
config.status:1119: creating config/init/upstart/sessions/Makefile
config.status:1119: creating libcgmanager.pc.in
config.status:1119: creating cgmanager.spec
config.status:1119: creating config.h
config.status:1300: config.h is unchanged
config.status:1348: executing depfiles commands
config.status:1348: executing libtool commands

## ---------------- ##
## Cache variables. ##
## ---------------- ##

ac_cv_build=x86_64-unknown-linux-gnu
ac_cv_c_compiler_gnu=yes
ac_cv_env_CC_set=
ac_cv_env_CC_value=
ac_cv_env_CFLAGS_set=
ac_cv_env_CFLAGS_value=
ac_cv_env_CPPFLAGS_set=
ac_cv_env_CPPFLAGS_value=
ac_cv_env_CPP_set=
ac_cv_env_CPP_value=
ac_cv_env_DBUS_CFLAGS_set=
ac_cv_env_DBUS_CFLAGS_value=
ac_cv_env_DBUS_LIBS_set=
ac_cv_env_DBUS_LIBS_value=
ac_cv_env_LDFLAGS_set=
ac_cv_env_LDFLAGS_value=
ac_cv_env_LIBS_set=
ac_cv_env_LIBS_value=
ac_cv_env_NIH_CFLAGS_set=
ac_cv_env_NIH_CFLAGS_value=
ac_cv_env_NIH_DBUS_CFLAGS_set=
ac_cv_env_NIH_DBUS_CFLAGS_value=
ac_cv_env_NIH_DBUS_LIBS_set=
ac_cv_env_NIH_DBUS_LIBS_value=
ac_cv_env_NIH_LIBS_set=
ac_cv_env_NIH_LIBS_value=
ac_cv_env_PKG_CONFIG_LIBDIR_set=
ac_cv_env_PKG_CONFIG_LIBDIR_value=
ac_cv_env_PKG_CONFIG_PATH_set=
ac_cv_env_PKG_CONFIG_PATH_value=
ac_cv_env_PKG_CONFIG_set=
ac_cv_env_PKG_CONFIG_value=
ac_cv_env_build_alias_set=
ac_cv_env_build_alias_value=
ac_cv_env_host_alias_set=
ac_cv_env_host_alias_value=
ac_cv_env_target_alias_set=
ac_cv_env_target_alias_value=
ac_cv_func_pivot_root=yes
ac_cv_func_setns=yes
ac_cv_header_dlfcn_h=yes
ac_cv_header_inttypes_h=yes
ac_cv_header_memory_h=yes
ac_cv_header_minix_config_h=no
ac_cv_header_stdc=yes
ac_cv_header_stdint_h=yes
ac_cv_header_stdlib_h=yes
ac_cv_header_string_h=yes
ac_cv_header_strings_h=yes
ac_cv_header_sys_stat_h=yes
ac_cv_header_sys_types_h=yes
ac_cv_header_unistd_h=yes
ac_cv_host=x86_64-unknown-linux-gnu
ac_cv_objext=o
ac_cv_path_EGREP='/bin/grep -E'
ac_cv_path_FGREP='/bin/grep -F'
ac_cv_path_GREP=/bin/grep
ac_cv_path_HELP2MAN='false // No help2man //'
ac_cv_path_NIH_DBUS_TOOL=/usr/bin/nih-dbus-tool
ac_cv_path_SED=/bin/sed
ac_cv_path_ac_pt_PKG_CONFIG=/usr/bin/pkg-config
ac_cv_path_install='/usr/bin/install -c'
ac_cv_path_mkdir=/bin/mkdir
ac_cv_prog_AWK=gawk
ac_cv_prog_CPP='gcc -E'
ac_cv_prog_ac_ct_AR=ar
ac_cv_prog_ac_ct_CC=gcc
ac_cv_prog_ac_ct_MANIFEST_TOOL=mt
ac_cv_prog_ac_ct_OBJDUMP=objdump
ac_cv_prog_ac_ct_RANLIB=ranlib
ac_cv_prog_ac_ct_STRIP=strip
ac_cv_prog_cc_c89=
ac_cv_prog_cc_c99=-std=gnu99
ac_cv_prog_cc_g=yes
ac_cv_prog_make_make_set=yes
ac_cv_safe_to_define___extensions__=yes
am_cv_CC_dependencies_compiler_type=gcc3
am_cv_make_support_nested_variables=yes
am_cv_prog_cc_c_o=yes
lt_cv_ar_at_file=@
lt_cv_archive_cmds_need_lc=no
lt_cv_deplibs_check_method=pass_all
lt_cv_file_magic_cmd='$MAGIC_CMD'
lt_cv_file_magic_test_file=
lt_cv_ld_reload_flag=-r
lt_cv_nm_interface='BSD nm'
lt_cv_objdir=.libs
lt_cv_path_LD=/usr/bin/ld
lt_cv_path_NM='/usr/bin/nm -B'
lt_cv_path_mainfest_tool=no
lt_cv_prog_compiler_c_o=yes
lt_cv_prog_compiler_pic='-fPIC -DPIC'
lt_cv_prog_compiler_pic_works=yes
lt_cv_prog_compiler_rtti_exceptions=no
lt_cv_prog_compiler_static_works=yes
lt_cv_prog_gnu_ld=yes
lt_cv_sharedlib_from_linklib_cmd='printf %s\n'
lt_cv_shlibpath_overrides_runpath=no
lt_cv_sys_global_symbol_pipe='sed -n -e '\''s/^.*[	 ]\([ABCDGIRSTW][ABCDGIRSTW]*\)[	 ][	 ]*\([_A-Za-z][_A-Za-z0-9]*\)$/\1 \2 \2/p'\'' | sed '\''/ __gnu_lto/d'\'''
lt_cv_sys_global_symbol_to_c_name_address='sed -n -e '\''s/^: \([^ ]*\)[ ]*$/  {\"\1\", (void *) 0},/p'\'' -e '\''s/^[ABCDGIRSTW]* \([^ ]*\) \([^ ]*\)$/  {"\2", (void *) \&\2},/p'\'''
lt_cv_sys_global_symbol_to_c_name_address_lib_prefix='sed -n -e '\''s/^: \([^ ]*\)[ ]*$/  {\"\1\", (void *) 0},/p'\'' -e '\''s/^[ABCDGIRSTW]* \([^ ]*\) \(lib[^ ]*\)$/  {"\2", (void *) \&\2},/p'\'' -e '\''s/^[ABCDGIRSTW]* \([^ ]*\) \([^ ]*\)$/  {"lib\2", (void *) \&\2},/p'\'''
lt_cv_sys_global_symbol_to_cdecl='sed -n -e '\''s/^T .* \(.*\)$/extern int \1();/p'\'' -e '\''s/^[ABCDGIRSTW]* .* \(.*\)$/extern char \1;/p'\'''
lt_cv_sys_max_cmd_len=1572864
lt_cv_to_host_file_cmd=func_convert_file_noop
lt_cv_to_tool_file_cmd=func_convert_file_noop
pkg_cv_DBUS_CFLAGS='-I/usr/include/dbus-1.0 -I/usr/lib/x86_64-linux-gnu/dbus-1.0/include  '
pkg_cv_DBUS_LIBS='-ldbus-1  '
pkg_cv_NIH_CFLAGS=' '
pkg_cv_NIH_DBUS_CFLAGS='-I/usr/include/dbus-1.0 -I/usr/lib/x86_64-linux-gnu/dbus-1.0/include  '
pkg_cv_NIH_DBUS_LIBS='-lnih-dbus -ldbus-1  '
pkg_cv_NIH_LIBS='-lnih  '

## ----------------- ##
## Output variables. ##
## ----------------- ##

ACLOCAL='${SHELL} /home/raj/ws/lxcfs/cgmanager-0.37/missing aclocal-1.14'
AMDEPBACKSLASH='\'
AMDEP_FALSE='#'
AMDEP_TRUE=''
AMTAR='$${TAR-tar}'
AM_BACKSLASH='\'
AM_DEFAULT_V='$(AM_DEFAULT_VERBOSITY)'
AM_DEFAULT_VERBOSITY='1'
AM_V='$(V)'
AR='ar'
AUTOCONF='${SHELL} /home/raj/ws/lxcfs/cgmanager-0.37/missing autoconf'
AUTOHEADER='${SHELL} /home/raj/ws/lxcfs/cgmanager-0.37/missing autoheader'
AUTOMAKE='${SHELL} /home/raj/ws/lxcfs/cgmanager-0.37/missing automake-1.14'
AWK='gawk'
CC='gcc -std=gnu99'
CCDEPMODE='depmode=gcc3'
CFLAGS='-g -O2'
CPP='gcc -E'
CPPFLAGS=''
CYGPATH_W='echo'
DBUS_CFLAGS='-I/usr/include/dbus-1.0 -I/usr/lib/x86_64-linux-gnu/dbus-1.0/include  '
DBUS_LIBS='-ldbus-1  '
DEFS='-DHAVE_CONFIG_H'
DEPDIR='.deps'
DISTRO_UBUNTU_FALSE='#'
DISTRO_UBUNTU_TRUE=''
DLLTOOL='false'
DSYMUTIL=''
DUMPBIN=''
ECHO_C=''
ECHO_N='-n'
ECHO_T=''
EGREP='/bin/grep -E'
EXEEXT=''
FGREP='/bin/grep -F'
GREP='/bin/grep'
HAVE_DEBIAN_FALSE='#'
HAVE_DEBIAN_TRUE=''
HAVE_HELP2MAN_FALSE=''
HAVE_HELP2MAN_TRUE='#'
HELP2MAN='false // No help2man //'
INIT_SCRIPT_SYSTEMD_FALSE=''
INIT_SCRIPT_SYSTEMD_TRUE='#'
INIT_SCRIPT_SYSV_FALSE=''
INIT_SCRIPT_SYSV_TRUE='#'
INIT_SCRIPT_UPSTART_FALSE='#'
INIT_SCRIPT_UPSTART_TRUE=''
INSTALL_DATA='${INSTALL} -m 644'
INSTALL_PROGRAM='${INSTALL}'
INSTALL_SCRIPT='${INSTALL}'
INSTALL_STRIP_PROGRAM='$(install_sh) -c -s'
LD='/usr/bin/ld -m elf_x86_64'
LDFLAGS=''
LIBOBJS=''
LIBS=''
LIBTOOL='$(SHELL) $(top_builddir)/libtool'
LIPO=''
LN_S='ln -s'
LTLIBOBJS=''
MAKEINFO='${SHELL} /home/raj/ws/lxcfs/cgmanager-0.37/missing makeinfo'
MANIFEST_TOOL=':'
MKDIR_P='/bin/mkdir -p'
NIH_CFLAGS=' '
NIH_DBUS_CFLAGS='-I/usr/include/dbus-1.0 -I/usr/lib/x86_64-linux-gnu/dbus-1.0/include  '
NIH_DBUS_LIBS='-lnih-dbus -ldbus-1  '
NIH_DBUS_TOOL='/usr/bin/nih-dbus-tool'
NIH_LIBS='-lnih  '
NM='/usr/bin/nm -B'
NMEDIT=''
OBJDUMP='objdump'
OBJEXT='o'
OTOOL64=''
OTOOL=''
PACKAGE='cgmanager'
PACKAGE_BUGREPORT='cgmanager-devel@lists.linuxcontainers.org'
PACKAGE_NAME='cgmanager'
PACKAGE_STRING='cgmanager 0.37'
PACKAGE_TARNAME='cgmanager'
PACKAGE_URL=''
PACKAGE_VERSION='0.37'
PATH_SEPARATOR=':'
PKG_CONFIG='/usr/bin/pkg-config'
PKG_CONFIG_LIBDIR=''
PKG_CONFIG_PATH=''
RANLIB='ranlib'
SBINDIR='/usr/local/sbin'
SED='/bin/sed'
SET_MAKE=''
SHELL='/bin/bash'
STRIP='strip'
VERSION='0.37'
ac_ct_AR='ar'
ac_ct_CC='gcc'
ac_ct_DUMPBIN=''
am__EXEEXT_FALSE=''
am__EXEEXT_TRUE='#'
am__fastdepCC_FALSE='#'
am__fastdepCC_TRUE=''
am__include='include'
am__isrc=''
am__leading_dot='.'
am__nodep='_no'
am__quote=''
am__tar='$${TAR-tar} chof - "$$tardir"'
am__untar='$${TAR-tar} xf -'
bindir='${exec_prefix}/bin'
build='x86_64-unknown-linux-gnu'
build_alias=''
build_cpu='x86_64'
build_os='linux-gnu'
build_vendor='unknown'
datadir='${datarootdir}'
datarootdir='${prefix}/share'
docdir='${datarootdir}/doc/${PACKAGE_TARNAME}'
dvidir='${docdir}'
exec_prefix='${prefix}'
host='x86_64-unknown-linux-gnu'
host_alias=''
host_cpu='x86_64'
host_os='linux-gnu'
host_vendor='unknown'
htmldir='${docdir}'
includedir='${prefix}/include'
infodir='${datarootdir}/info'
install_sh='${SHELL} /home/raj/ws/lxcfs/cgmanager-0.37/install-sh'
libdir='${exec_prefix}/lib'
libexecdir='${exec_prefix}/libexec'
localedir='${datarootdir}/locale'
localstatedir='${prefix}/var'
mandir='${datarootdir}/man'
mkdir_p='$(MKDIR_P)'
oldincludedir='/usr/include'
pdfdir='${docdir}'
prefix='/usr/local'
program_transform_name='s,x,x,'
psdir='${docdir}'
sbindir='${exec_prefix}/sbin'
sharedstatedir='${prefix}/com'
sysconfdir='${prefix}/etc'
target_alias=''

## ----------- ##
## confdefs.h. ##
## ----------- ##

/* confdefs.h */
#define PACKAGE_NAME "cgmanager"
#define PACKAGE_TARNAME "cgmanager"
#define PACKAGE_VERSION "0.37"
#define PACKAGE_STRING "cgmanager 0.37"
#define PACKAGE_BUGREPORT "cgmanager-devel@lists.linuxcontainers.org"
#define PACKAGE_URL ""
#define PACKAGE "cgmanager"
#define VERSION "0.37"
#define STDC_HEADERS 1
#define HAVE_SYS_TYPES_H 1
#define HAVE_SYS_STAT_H 1
#define HAVE_STDLIB_H 1
#define HAVE_STRING_H 1
#define HAVE_MEMORY_H 1
#define HAVE_STRINGS_H 1
#define HAVE_INTTYPES_H 1
#define HAVE_STDINT_H 1
#define HAVE_UNISTD_H 1
#define __EXTENSIONS__ 1
#define _ALL_SOURCE 1
#define _GNU_SOURCE 1
#define _POSIX_PTHREAD_SEMANTICS 1
#define _TANDEM_SOURCE 1
#define HAVE_DLFCN_H 1
#define LT_OBJDIR ".libs/"
#define HAVE_SETNS 1
#define HAVE_PIVOT_ROOT 1

configure: exit 0
